dataset,query_size,query_mode,query_index,enumerate_time,n_embeddings,n_intersections
youtube2007,6,dense,1,0.742107s,4543075,4806968
youtube2007,6,dense,2,2.69706s,5021645,6281805
youtube2007,6,dense,3,0.34624s,72830166,4062761
youtube2007,6,dense,4,0.408301s,363485,7031565
youtube2007,6,dense,5,2.865s,729958,20137055
youtube2007,6,dense,6,1.47257s,48790,1904370
youtube2007,6,dense,7,4.95253s,175847109,129250272
youtube2007,6,dense,8,3.34137s,142173511,42027618
youtube2007,6,dense,9,3.14382s,541512,32885395
youtube2007,6,dense,10,1.24786s,2751106,24275189
youtube2007,6,dense,11,2.98815s,135637128,44563444
youtube2007,6,dense,12,38.5816s,14311168303,1498598300
youtube2007,6,dense,13,0.604135s,113169393,19046428
youtube2007,6,dense,14,11.9161s,21235950856,39873082
youtube2007,6,dense,15,45s,62335675912,593061125
youtube2007,6,dense,16,1.37254s,130226,117920
youtube2007,6,dense,17,15.9238s,6267758809,654382370
youtube2007,6,dense,18,2.92949s,2415364474,40143810
youtube2007,6,dense,19,3.67138s,64012859,62317906
youtube2007,6,dense,20,0.817362s,614997334,16640847
youtube2007,6,dense,21,2.77769s,7505233,21200905
youtube2007,6,dense,22,44.3456s,95002227047,46520921
youtube2007,6,dense,23,5.8141s,22721074,162133900
youtube2007,6,dense,24,1.48394s,52651,14815110
youtube2007,6,dense,25,2.74771s,744755,7489713
youtube2007,6,dense,26,5.60149s,1536273165,125089467
youtube2007,6,dense,27,1.41479s,8443128,49824244
youtube2007,6,dense,28,41.4664s,24461595523,1602574373
youtube2007,6,dense,29,0.581888s,6381389,9775093
youtube2007,6,dense,30,0.224736s,60622131,696466
youtube2007,6,dense,31,0.688903s,785709,236968
youtube2007,6,dense,32,23.6986s,1373241905,777517922
youtube2007,6,dense,33,37.8865s,70111370106,68124881
youtube2007,6,dense,34,0.719815s,5690301,369798
youtube2007,6,dense,35,11.526s,4651453380,395929370
youtube2007,6,dense,36,20.0593s,17661907354,367024584
youtube2007,6,dense,37,3.61133s,21019512,61750141
youtube2007,6,dense,38,1.42889s,14395037,5989557
youtube2007,6,dense,39,43.4109s,24461595523,1602574373
youtube2007,6,dense,40,5.12362s,420,2994868
youtube2007,6,dense,41,0.920813s,42525053,32118281
youtube2007,6,dense,42,1.33773s,2457,1079425
youtube2007,6,dense,43,15.1466s,10086756410,365402121
youtube2007,6,dense,44,5.11303s,26531,933270
youtube2007,6,dense,45,5.44483s,8468,893417
youtube2007,6,dense,46,0.543252s,21022138,10703297
youtube2007,6,dense,47,77.4368s,152120703933,442828722
youtube2007,6,dense,48,2.39884s,2199705,97827268
youtube2007,6,dense,49,1.27844s,1647109967,4062761
youtube2007,6,dense,50,5.686s,3663379,21693268
youtube2007,6,dense,51,44.9829s,95002227047,46520921
youtube2007,6,dense,52,20.3148s,38199972262,49824244
youtube2007,6,dense,53,0.842165s,196614749,7417011
youtube2007,6,dense,54,0.693604s,13524,1243394
youtube2007,6,dense,55,2.48068s,1090655304,44738466
youtube2007,6,dense,56,7.7032s,269644396,180491740
youtube2007,6,dense,57,0.782505s,11730322,6984518
youtube2007,6,dense,58,3.03134s,2267820,28306944
youtube2007,6,dense,59,0.653391s,12227868,1067010
youtube2007,6,dense,60,42.0516s,24461595523,1555897399
youtube2007,6,dense,61,79.2311s,161709400962,89728841
youtube2007,6,dense,62,2.73429s,241019,6137371
youtube2007,6,dense,63,4.01568s,1536273165,90282275
youtube2007,6,dense,64,22.0747s,18416572,868582899
youtube2007,6,dense,65,3.9815s,522359487,22341830
youtube2007,6,dense,66,15.0929s,8726831775,376469458
youtube2007,6,dense,67,0.715599s,6531462,3422802
youtube2007,6,dense,68,0.262223s,1877434,3685563
youtube2007,6,dense,69,11.9254s,13397512784,114317880
youtube2007,6,dense,70,1.41097s,730253,1729587
youtube2007,6,dense,71,28.7918s,825155446,1019439490
youtube2007,6,dense,72,2.26999s,601195244,55410537
youtube2007,6,dense,73,23.5036s,11768553539,863561960
youtube2007,6,dense,74,3.50644s,38776,46525954
youtube2007,6,dense,75,15.8103s,13244252717,374332010
youtube2007,6,dense,76,1.38633s,4994,663178
youtube2007,6,dense,77,0.695284s,2803063,2821545
youtube2007,6,dense,78,0.798772s,14359,205226
youtube2007,6,dense,79,15.8108s,8263059235,367024584
youtube2007,6,dense,80,1.5068s,55318638,40143810
youtube2007,6,dense,81,13.1549s,22559169500,25822732
youtube2007,6,dense,82,0.961623s,487375,3999827
youtube2007,6,dense,83,1.13832s,374339,15808695
youtube2007,6,dense,84,9.96576s,14497773,228686927
youtube2007,6,dense,85,0.716566s,384836,909646
youtube2007,6,dense,86,24.3335s,28694093290,368107368
youtube2007,6,dense,87,22.4954s,11768553539,863561960
youtube2007,6,dense,88,3.5155s,680146,54739219
youtube2007,6,dense,89,78.4329s,161709400962,89728841
youtube2007,6,dense,90,12.1995s,10511775075,207138408
youtube2007,6,dense,91,45.4893s,33606467936,1019439490
youtube2007,6,dense,92,13.1706s,22559169500,25822732
youtube2007,6,dense,93,0.877934s,2881652,10451823
youtube2007,6,dense,94,0.738523s,411157,4897744
youtube2007,6,dense,95,0.706743s,53374,5485660
youtube2007,6,dense,96,44.7517s,32150336277,1141799815
youtube2007,6,dense,97,1.3961s,2691,867530
youtube2007,6,dense,98,9.73414s,17530365127,28742398
youtube2007,6,dense,99,1.91051s,1017910,29825817
youtube2007,6,dense,100,4.34393s,829386369,16912212
youtube2007,6,sparse,1,2.94995s,5840627,28614051
youtube2007,6,sparse,2,5.6971s,1748042673,110814332
youtube2007,6,sparse,3,3.50424s,2117502327,73825756
youtube2007,6,sparse,4,5.41998s,50897,8906076
youtube2007,6,sparse,5,0.766432s,13599912,8355831
youtube2007,6,sparse,6,5.6308s,11731196,24641259
youtube2007,6,sparse,7,110.757s,166056301569,1363557486
youtube2007,6,sparse,8,15.5252s,1657750399,297458004
youtube2007,6,sparse,9,5.27102s,155203,7680920
youtube2007,6,sparse,10,158.958s,350244584640,590438296
youtube2007,6,sparse,11,1.00802s,508254174,8330019
youtube2007,6,sparse,12,157.284s,350244584640,590438296
youtube2007,6,sparse,13,1.48371s,281737,1474084
youtube2007,6,sparse,14,6.90893s,427047676,94731283
youtube2007,6,sparse,15,2.55802s,56300128,6873580
youtube2007,6,sparse,16,2.66484s,3819242,5069606
youtube2007,6,sparse,17,5.10048s,536,664601
youtube2007,6,sparse,18,5.291s,929791,9498570
youtube2007,6,sparse,19,155.619s,350244584640,590438296
youtube2007,6,sparse,20,1.34002s,18453679,2190904
youtube2007,6,sparse,21,69.9469s,93582224968,806134415
youtube2007,6,sparse,22,33.707s,39741236251,374332010
youtube2007,6,sparse,23,5.71342s,1247742954,73825756
youtube2007,6,sparse,24,4.94406s,256566547,275595
youtube2007,6,sparse,25,7.87873s,1157317055,221414361
youtube2007,6,sparse,26,157.483s,350244584640,590438296
youtube2007,6,sparse,27,2.07632s,10490348,39767756
youtube2007,6,sparse,28,0.279467s,3813503211,1821220
youtube2007,6,sparse,29,21.4212s,22763549441,254114492
youtube2007,6,sparse,30,1.75601s,892482,22338063
youtube2007,6,sparse,31,1.38313s,48500419,3203665
youtube2007,6,sparse,32,0.676071s,4419925,888664
youtube2007,6,sparse,33,0.700439s,11713,2281659
youtube2007,6,sparse,34,0.810089s,3376040,1816557
youtube2007,6,sparse,35,0.772328s,21635496,8588640
youtube2007,6,sparse,36,0.243778s,1242041604,784717
youtube2007,6,sparse,37,18.0544s,83677040,461977628
youtube2007,6,sparse,38,28.3095s,41180606472,224084216
youtube2007,6,sparse,39,3.6032s,3271979,49886889
youtube2007,6,sparse,40,0.674835s,567650,543407
youtube2007,6,sparse,41,0.460893s,560827,11485793
youtube2007,6,sparse,42,65.5789s,8528191705,2087020
youtube2007,6,sparse,43,8.47445s,682240097,135535705
youtube2007,6,sparse,44,2.84233s,3961859,13647727
youtube2007,6,sparse,45,22.3231s,1020646596,590438296
youtube2007,6,sparse,46,11.5812s,11721547650,181392806
youtube2007,6,sparse,47,46.0185s,46406447,1549720626
youtube2007,6,sparse,48,26.4416s,44283734755,126485976
youtube2007,6,sparse,49,5.67783s,322162,22073362
youtube2007,6,sparse,50,2.49452s,452061,85425464
youtube2007,6,sparse,51,3.88454s,2793896881,43448242
youtube2007,6,sparse,52,0.45456s,111891984,1543998
youtube2007,6,sparse,53,17.8022s,25379764460,143134180
youtube2007,6,sparse,54,27.3985s,832514319,252971952
youtube2007,6,sparse,55,33.6284s,68098081378,221414361
youtube2007,6,sparse,56,1.34137s,77408,812580
youtube2007,6,sparse,57,22.6595s,22763549441,315652094
youtube2007,6,sparse,58,79.035s,179752339192,295219148
youtube2007,6,sparse,59,32.4381s,48283702145,286268360
youtube2007,6,sparse,60,27.3371s,6683468,883052552
youtube2007,6,sparse,61,18.2503s,4400062424,590438296
youtube2007,6,sparse,62,66.0758s,93582224968,629564162
youtube2007,6,sparse,63,2.62705s,23464206,64460254
youtube2007,6,sparse,64,28.3189s,41180606472,224084216
youtube2007,6,sparse,65,1.34889s,3540,147772
youtube2007,6,sparse,66,0.459001s,7853355,427070
youtube2007,6,sparse,67,29.5375s,16163461948,681493762
youtube2007,6,sparse,68,32.9456s,39741236251,346683892
youtube2007,6,sparse,69,5.91719s,2309722,42088327
youtube2007,6,sparse,70,0.783006s,10579110,7157023
youtube2007,6,sparse,71,28.2762s,61863268717,24916961
youtube2007,6,sparse,72,17.9482s,25379764460,143134180
youtube2007,6,sparse,73,111.984s,285611353720,89728841
youtube2007,6,sparse,74,1.48796s,1090885,41411320
youtube2007,6,sparse,75,1.4617s,462140,7830304
youtube2007,6,sparse,76,103.101s,387495864,3606162387
youtube2007,6,sparse,77,0.476312s,14149415,1816557
youtube2007,6,sparse,78,5.39566s,2970404,18401449
youtube2007,6,sparse,79,157.894s,350244584640,590438296
youtube2007,6,sparse,80,0.545332s,14823283,7284880
youtube2007,6,sparse,81,4.70561s,8585464264,11107966
youtube2007,6,sparse,82,45.6073s,37560027458,868786343
youtube2007,6,sparse,83,1.28599s,692210352,17865144
youtube2007,6,sparse,84,2.87181s,3992600,11458852
youtube2007,6,sparse,85,0.453409s,1106,84354
youtube2007,6,sparse,86,113.137s,285611353720,89728841
youtube2007,6,sparse,87,0.726127s,163932253,11485793
youtube2007,6,sparse,88,1.87373s,117626158,26377620
youtube2007,6,sparse,89,0.473378s,291,614344
youtube2007,6,sparse,90,4.49309s,185635010,70898690
youtube2007,6,sparse,91,25.4689s,44283734755,126485976
youtube2007,6,sparse,92,9.08073s,14781685494,18765469
youtube2007,6,sparse,93,111.579s,285611353720,89728841
youtube2007,6,sparse,94,0.489034s,33080335,1029332
youtube2007,6,sparse,95,7.71253s,10952776219,42712732
youtube2007,6,sparse,96,1.38583s,179865,888268
youtube2007,6,sparse,97,0.226581s,27290156,702490
youtube2007,6,sparse,98,0.498712s,17242416,1211038
youtube2007,6,sparse,99,1.45016s,15961233,9339564
youtube2007,6,sparse,100,156.487s,350244584640,590438296
