dataset,query_size,query_mode,query_index,enumerate_time,n_embeddings,n_intersections
orkut,8,dense,1,31.7775s,718319,11911080
orkut,8,dense,2,31.4423s,2122314,11595724
orkut,8,dense,3,33.5162s,4243645,11439440
orkut,8,dense,4,34.5061s,447770,44673215
orkut,8,dense,5,32.694s,1867295,29256527
orkut,8,dense,6,33.0225s,1517097,38515444
orkut,8,dense,7,212.889s,84422,936155095
orkut,8,dense,8,33.9544s,832973,20463877
orkut,8,dense,9,32.3496s,878765,11486080
orkut,8,dense,10,33.9476s,336581,38040684
orkut,8,dense,11,33.4506s,3409886,45054250
orkut,8,dense,12,185.216s,35266,81846122
orkut,8,dense,13,35.5976s,13113350,35260700
orkut,8,dense,14,31.4492s,473717,21175826
orkut,8,dense,15,40.2013s,477307,82227243
orkut,8,dense,16,33.1566s,52467,34717788
orkut,8,dense,17,32.5603s,480851,20731764
orkut,8,dense,18,47.27s,101888,95890776
orkut,8,dense,19,54.653s,664630,498637048
orkut,8,dense,20,3.61161s,29231796,1445710
orkut,8,dense,21,33.6291s,80712,46037224
orkut,8,dense,22,32.1429s,283362,40130688
orkut,8,dense,23,32.5581s,3446020,28493011
orkut,8,dense,24,31.7916s,2129524,24849077
orkut,8,dense,25,32.5559s,3545761,22740687
orkut,8,dense,26,39.456s,244040,204688848
orkut,8,dense,27,201.664s,29981,241374181
orkut,8,dense,28,36.6233s,19729269,56172350
orkut,8,dense,29,31.3018s,549592,11752232
orkut,8,dense,30,6.24192s,1993620,2424403
orkut,8,dense,31,32.4229s,797987,28129845
orkut,8,dense,32,34.1413s,71261,35217560
orkut,8,dense,33,31.6338s,2052619,11612500
orkut,8,dense,34,31.5393s,784928,11653710
orkut,8,dense,35,33.4526s,4389398,38849341
orkut,8,dense,36,34.6242s,1200655,39544243
orkut,8,dense,37,32.3759s,187779,43702373
orkut,8,dense,38,31.9826s,755522,21421671
orkut,8,dense,39,31.9755s,166599,22417604
orkut,8,dense,40,31.5394s,5899798,11639520
orkut,8,dense,41,31.1724s,230916,23923194
orkut,8,dense,42,31.6051s,829116,11721320
orkut,8,dense,43,34.5128s,106850,40485099
orkut,8,dense,44,32.2306s,2426282,21163201
orkut,8,dense,45,31.3539s,6229287,11719084
orkut,8,dense,46,198.488s,50112,190814026
orkut,8,dense,47,34.2585s,60414,61297120
orkut,8,dense,48,31.1497s,122226,11486442
orkut,8,dense,49,31.6567s,1109043,11640764
orkut,8,dense,50,40.4606s,432792,85954684
orkut,8,dense,51,32.9325s,2917114,11549469
orkut,8,dense,52,35.9562s,2651687,39548040
orkut,8,dense,53,31.1971s,7400846,11615352
orkut,8,dense,54,35.3426s,86643,38064713
orkut,8,dense,55,32.2201s,466090,11624832
orkut,8,dense,56,38.6691s,2180718,41752100
orkut,8,dense,57,35.0638s,242474,26039052
orkut,8,dense,58,31.0699s,1704610,11874630
orkut,8,dense,59,32.1034s,496773,21270562
orkut,8,dense,60,194.504s,34081,138287994
orkut,8,dense,61,6.55814s,26973759,2470548
orkut,8,dense,62,207.72s,564936,155612468
orkut,8,dense,63,6.3539s,2370397,2412048
orkut,8,dense,64,3.20997s,3439603,1373268
orkut,8,dense,65,32.6612s,276528,44531560
orkut,8,dense,66,57.1155s,98319,135491998
orkut,8,dense,67,31.4354s,3174636,11818728
orkut,8,dense,68,16.3561s,470383,16598196
orkut,8,dense,69,16.3338s,39866,15741814
orkut,8,dense,70,30.3141s,445564,11381667
orkut,8,dense,71,31.5736s,1801527,11571894
orkut,8,dense,72,33.1299s,4322214,11454472
orkut,8,dense,73,32.5095s,234693,33687662
orkut,8,dense,74,33.584s,105581,28904079
orkut,8,dense,75,31.2534s,504633,11667762
orkut,8,dense,76,16.7014s,777684,6415034
orkut,8,dense,77,31.3363s,310132,11736319
orkut,8,dense,78,31.0104s,857836,11589857
orkut,8,dense,79,33.895s,3641191,44235294
orkut,8,dense,80,188.789s,18810,171667139
orkut,8,dense,81,31.3706s,35958,11728818
orkut,8,dense,82,190.951s,89556,85925885
orkut,8,dense,83,6.19349s,1745618,2454795
orkut,8,dense,84,31.3212s,36608,11958572
orkut,8,dense,85,6.32041s,11578532,2445448
orkut,8,dense,86,7.75259s,39979716,2296534
orkut,8,dense,87,33.3755s,222379,11658990
orkut,8,dense,88,32.3333s,169083,11682792
orkut,8,dense,89,32.3284s,1573170,11528459
orkut,8,dense,90,33.2109s,79559,52543828
orkut,8,dense,91,31.4835s,1874277,11817323
orkut,8,dense,92,33.5196s,2154545,43924500
orkut,8,dense,93,32.4127s,86190,33615370
orkut,8,dense,94,32.3155s,217955,33994466
orkut,8,dense,95,36.1983s,129107,41686529
orkut,8,dense,96,199.77s,33309,185350726
orkut,8,dense,97,32.7721s,169275,38224200
orkut,8,dense,98,31.7188s,6559768,13804565
orkut,8,dense,99,6.52741s,10965512,2525418
orkut,8,dense,100,6.60686s,19363130,2548000
orkut,8,sparse,1,40.3604s,155913823,43302992
orkut,8,sparse,2,34.2827s,33553669,37550148
orkut,8,sparse,3,33.9309s,1469201,111043514
orkut,8,sparse,4,6.54318s,23526117,2794834
orkut,8,sparse,5,6.27737s,3042220,2361282
orkut,8,sparse,6,17.3173s,1013013448,10962791
orkut,8,sparse,7,41.6961s,4026379,165310439
orkut,8,sparse,8,29.1768s,651677125,9429087
orkut,8,sparse,9,44.0618s,27276848,160294244
orkut,8,sparse,10,9.93178s,70935632,9516055
orkut,8,sparse,11,35.1289s,41016725,20838589
orkut,8,sparse,12,6.68326s,36613295,2344990
orkut,8,sparse,13,166.556s,210204263,177197016
orkut,8,sparse,14,57.0006s,16368879,191532144
orkut,8,sparse,15,34.1723s,129324939,23333769
orkut,8,sparse,16,6.85623s,3491358,7439901
orkut,8,sparse,17,353.138s,7174466252,751769
orkut,8,sparse,18,9.13799s,235463640,8932376
orkut,8,sparse,19,34.5194s,7035951,40862356
orkut,8,sparse,20,7.94614s,68766188,8588698
orkut,8,sparse,21,32.467s,8157848,28595216
orkut,8,sparse,22,38.7074s,35838711,34922452
orkut,8,sparse,23,13.2222s,757901461,5242706
orkut,8,sparse,24,7.57516s,99195520,5978464
orkut,8,sparse,25,41.0515s,8203658,110080918
orkut,8,sparse,26,163.77s,90808455,223965467
orkut,8,sparse,27,32.3262s,34188630,18509121
orkut,8,sparse,28,41.5562s,92861945,81422364
orkut,8,sparse,29,18.0115s,159277509,11108909
orkut,8,sparse,30,243.028s,6936870135,749062
orkut,8,sparse,31,7.3405s,176310970,2322472
orkut,8,sparse,32,9.90162s,184990017,7902276
orkut,8,sparse,33,34.3347s,31596444,41738296
orkut,8,sparse,34,9.6432s,417744825,2439230
orkut,8,sparse,35,139.04s,2169441,287787449
orkut,8,sparse,36,6.86813s,4689733,6228387
orkut,8,sparse,37,213.689s,12514511,353389141
orkut,8,sparse,38,6.91953s,85193202,7301589
orkut,8,sparse,39,8.0904s,231061233,2429138
orkut,8,sparse,40,7.76577s,152094953,2359239
orkut,8,sparse,41,8.57279s,37304323,7600831
orkut,8,sparse,42,10.7841s,52987143,12555553
orkut,8,sparse,43,32.2912s,18661953,34389112
orkut,8,sparse,44,18.1466s,303782321,2440324
orkut,8,sparse,45,9.26919s,358218952,1214891
orkut,8,sparse,46,32.6004s,60490894,21960816
orkut,8,sparse,47,9.57328s,81804683,7821850
orkut,8,sparse,48,588.086s,20609844401,756801
orkut,8,sparse,49,8.3033s,95526817,6841153
orkut,8,sparse,50,28.7872s,1133493399,5882864
orkut,8,sparse,51,6.8401s,84301806,2366534
orkut,8,sparse,52,19.0216s,1417027903,2451434
orkut,8,sparse,53,13.7362s,9160327,17975683
orkut,8,sparse,54,32.5291s,3746747,19653077
orkut,8,sparse,55,40.7651s,167478013,9293373
orkut,8,sparse,56,8.37348s,15869848,9116454
orkut,8,sparse,57,9.182s,52061678,8645380
orkut,8,sparse,58,42.022s,129528378,38167092
orkut,8,sparse,59,45.4217s,110852721,135701600
orkut,8,sparse,60,7.56975s,73035248,7011330
orkut,8,sparse,61,
orkut,8,sparse,62,31.821s,6689138,20288293
orkut,8,sparse,63,6.90731s,64843996,2318362
orkut,8,sparse,64,10.5182s,99466641,11854987
orkut,8,sparse,65,60.6664s,3923620406,14643268
orkut,8,sparse,66,147.973s,2267258441,742295
orkut,8,sparse,67,42.0658s,344039194,55242120
orkut,8,sparse,68,74.2599s,273966630,87744300
orkut,8,sparse,69,325.509s,31456870,1648130628
orkut,8,sparse,70,40.3474s,893084,130710607
orkut,8,sparse,71,7.04652s,23907520,8116814
orkut,8,sparse,72,51.4834s,18048580,121210187
orkut,8,sparse,73,124.46s,10517516884,2326713
orkut,8,sparse,74,17.2529s,766258107,13914154
orkut,8,sparse,75,13.5832s,332022566,12858658
orkut,8,sparse,76,8.77882s,232763274,10650562
orkut,8,sparse,77,8.46002s,250132390,9302433
orkut,8,sparse,78,11.5216s,465241707,10021065
orkut,8,sparse,79,34.1598s,7008744,40596692
orkut,8,sparse,80,6.84915s,21521647,7016952
orkut,8,sparse,81,18.8197s,292122423,8899177
orkut,8,sparse,82,6.79022s,41304099,2490727
orkut,8,sparse,83,32.6678s,58158904,21925610
orkut,8,sparse,84,8.41568s,279170972,5115000
orkut,8,sparse,85,34.0022s,4682498,23171998
orkut,8,sparse,86,57.5004s,50730079,701665286
orkut,8,sparse,87,6.35184s,7123295,2421834
orkut,8,sparse,88,13.8273s,690115599,15729330
orkut,8,sparse,89,39.3405s,52596401,211161759
orkut,8,sparse,90,7.01468s,56605573,2363318
orkut,8,sparse,91,33.8255s,228034967,24742566
orkut,8,sparse,92,97.2284s,6163576359,2356269
orkut,8,sparse,93,33.1301s,20232912,24823744
orkut,8,sparse,94,78.4534s,3797103790,760958
orkut,8,sparse,95,9.41452s,98833927,2377677
orkut,8,sparse,96,34.0384s,6030455,22480856
orkut,8,sparse,97,7.86377s,41239012,10615595
orkut,8,sparse,98,177.396s,6511010115,10960144
orkut,8,sparse,99,47.0097s,4673748521,2336208
orkut,8,sparse,100,6.49644s,43231350,2285445
