dataset,query_size,query_mode,query_index,enumerate_time,n_embeddings,n_intersections
youtube2007,8,dense,1
youtube2007,8,dense,2
youtube2007,8,dense,3,401.048s,355231479177,3051746984
youtube2007,8,dense,4,44.3583s,905485938,629137752
youtube2007,8,dense,5,26.9672s,37928,49993817
youtube2007,8,dense,6,10.1735s,2078402394,120801406
youtube2007,8,dense,7,285.876s,335740935534,2642922883
youtube2007,8,dense,8
youtube2007,8,dense,9,1.7115s,1796513,49313385
youtube2007,8,dense,10,70.3836s,30074837469,1173039021
youtube2007,8,dense,11
youtube2007,8,dense,12,2.66089s,1166590,1497143
youtube2007,8,dense,13
youtube2007,8,dense,14,11.761s,467322693,272589016
youtube2007,8,dense,15,88.8803s,83621425335,994166922
youtube2007,8,dense,16
youtube2007,8,dense,17,278.296s,340644655268,2623356112
youtube2007,8,dense,18,3.71971s,275229,173453873
youtube2007,8,dense,19,6.34911s,2444936,70623011
youtube2007,8,dense,20,28.9697s,1110842969,1011279570
youtube2007,8,dense,21,20.9205s,14471590,432180896
youtube2007,8,dense,22
youtube2007,8,dense,23,28.2978s,5794869,110942704
youtube2007,8,dense,24,57.2016s,9586384619,754298079
youtube2007,8,dense,25,726.986s,564177933989,24823447028
youtube2007,8,dense,26,29.071s,162032,84887191
youtube2007,8,dense,27,29.1611s,565319,128547928
youtube2007,8,dense,28,5.06735s,209248,44156285
youtube2007,8,dense,29,128.217s,86169292,2533897647
youtube2007,8,dense,30,33.2593s,28310969676,308095014
youtube2007,8,dense,31,14.1135s,73058160,39874919
youtube2007,8,dense,32,35.2899s,1468227389,1579459710
youtube2007,8,dense,33
youtube2007,8,dense,34
youtube2007,8,dense,35,25.9951s,935485,53938222
youtube2007,8,dense,36
youtube2007,8,dense,37,288.399s,56926402385,12842943796
youtube2007,8,dense,38
youtube2007,8,dense,39,12.4849s,114182,14308878
youtube2007,8,dense,40,86.4308s,298889319,417606262
youtube2007,8,dense,41,124.58s,563541953,5487753954
youtube2007,8,dense,42,22.2396s,889508800,845821560
youtube2007,8,dense,43,939.71s,1336174314495,6331394403
youtube2007,8,dense,44,696.309s,63603910274,14056528130
youtube2007,8,dense,45,424.652s,2729183019,24830284062
youtube2007,8,dense,46,333.185s,507907948981,1453324466
youtube2007,8,dense,47,18.9546s,8636631393,341879850
youtube2007,8,dense,48,5.59461s,11604,2197245
youtube2007,8,dense,49
youtube2007,8,dense,50,0.814914s,28079,645869
youtube2007,8,dense,51,34.7284s,1673377853,414501518
youtube2007,8,dense,52,5.38094s,1759,4340055
youtube2007,8,dense,53,2.81655s,21807,2284418
youtube2007,8,dense,54,284.95s,71999588,19245173603
youtube2007,8,dense,55
youtube2007,8,dense,56,14.2173s,28559,35262052
youtube2007,8,dense,57
youtube2007,8,dense,58,190.996s,80475040022,2953871471
youtube2007,8,dense,59
youtube2007,8,dense,60,3.48358s,857912,219990914
youtube2007,8,dense,61
youtube2007,8,dense,62,26.3077s,28048280,70134897
youtube2007,8,dense,63,15.3552s,76220983,94070566
youtube2007,8,dense,64,4.79826s,11603776,19277509
youtube2007,8,dense,65
youtube2007,8,dense,66
youtube2007,8,dense,67,14.0907s,6068896,68497491
youtube2007,8,dense,68,15.1235s,9340899,113008297
youtube2007,8,dense,69,26.3303s,1232423,853340166
youtube2007,8,dense,70,752.028s,591448566080,122236756
youtube2007,8,dense,71
youtube2007,8,dense,72,875.725s,1250100763806,4983219811
youtube2007,8,dense,73,2.75578s,12950230,3198852
youtube2007,8,dense,74,811.199s,1323420786930,1629861815
youtube2007,8,dense,75,0.946669s,1030088,8852247
youtube2007,8,dense,76,469.845s,28290121663,7656665824
youtube2007,8,dense,77
youtube2007,8,dense,78,9.55851s,4656768079,389052170
youtube2007,8,dense,79,11.2357s,4407631213,47794757
youtube2007,8,dense,80
youtube2007,8,dense,81,33.1608s,4946920097,1018111794
youtube2007,8,dense,82,830.719s,1281878043670,252436461
youtube2007,8,dense,83
youtube2007,8,dense,84,8.6456s,5765328428,68203437
youtube2007,8,dense,85,35.2468s,24644806,1777019060
youtube2007,8,dense,86,63.105s,20871361977,1088037870
youtube2007,8,dense,87,11.4395s,568386735,275081332
youtube2007,8,dense,88
youtube2007,8,dense,89,23.3183s,726753039,528349512
youtube2007,8,dense,90,1.39284s,3698,4268786
youtube2007,8,dense,91,228.52s,14065865196,1202801969
youtube2007,8,dense,92
youtube2007,8,dense,93
youtube2007,8,dense,94,43.7761s,128830004,820295410
youtube2007,8,dense,95,9.98203s,8128678615,178193477
youtube2007,8,dense,96
youtube2007,8,dense,97
youtube2007,8,dense,98,15.0781s,3867011564,61700128
youtube2007,8,dense,99,26.6656s,21995,54360402
youtube2007,8,dense,100
youtube2007,8,sparse,1,27.6398s,6801281,72263756
youtube2007,8,sparse,2,73.0132s,21830099425,2117368410
youtube2007,8,sparse,3
youtube2007,8,sparse,4
youtube2007,8,sparse,5,5.10203s,447209421,4780770
youtube2007,8,sparse,6,4.9163s,202680341,101359136
youtube2007,8,sparse,7,26.8621s,94999955,13367258
youtube2007,8,sparse,8,7.63241s,2025500362,70963722
youtube2007,8,sparse,9
youtube2007,8,sparse,10,5.44502s,38499,1473220
youtube2007,8,sparse,11,650.755s,592603075835,9904459309
youtube2007,8,sparse,12,911.197s,125775247941,32856484006
youtube2007,8,sparse,13,216.273s,1397141102,4651412651
youtube2007,8,sparse,14,269.109s,10218984832,6339018539
youtube2007,8,sparse,15,11.5119s,388611357,181870449
youtube2007,8,sparse,16,25.2831s,771863463,409805973
youtube2007,8,sparse,17,243.545s,395398561981,169486884
youtube2007,8,sparse,18,31.1634s,24488001449,608007750
youtube2007,8,sparse,19,18.3061s,80157,267599832
youtube2007,8,sparse,20,156.526s,162093380792,784842953
youtube2007,8,sparse,21,26.5251s,7542769,36243479
youtube2007,8,sparse,22
youtube2007,8,sparse,23,28.73s,6328838,27798758
youtube2007,8,sparse,24,25.0719s,7629220299,279743684
youtube2007,8,sparse,25,15.8865s,1923620631,77986672
youtube2007,8,sparse,26,5.06525s,77866313,30782307
youtube2007,8,sparse,27,344.983s,424039097103,1841024121
youtube2007,8,sparse,28,31.0803s,30794348148,31938432
youtube2007,8,sparse,29,13.2758s,278881,15827761
youtube2007,8,sparse,30
youtube2007,8,sparse,31,10.2844s,5859646000,161142230
youtube2007,8,sparse,32,15.5395s,12519768722,170859472
youtube2007,8,sparse,33,2.74553s,84169176,4270778
youtube2007,8,sparse,34,24.8332s,1507735,9019792
youtube2007,8,sparse,35
youtube2007,8,sparse,36,53.4907s,522870260,1052603512
youtube2007,8,sparse,37
youtube2007,8,sparse,38,538.047s,263842843252,2405614753
youtube2007,8,sparse,39,5.47875s,3037,31404568
youtube2007,8,sparse,40,66.319s,56562762953,86734409
youtube2007,8,sparse,41,11.7399s,96660576,363944330
youtube2007,8,sparse,42,44.0716s,54161194333,12402697
youtube2007,8,sparse,43,7.36894s,5519602526,26297451
youtube2007,8,sparse,44,71.5141s,15269104973,707684430
youtube2007,8,sparse,45,283.908s,119899767,1609035596
youtube2007,8,sparse,46,84.822s,72308120782,68124881
youtube2007,8,sparse,47,5.33642s,33738,1574034
youtube2007,8,sparse,48
youtube2007,8,sparse,49,12.7613s,36084522,91001990
youtube2007,8,sparse,50,67.0839s,47409265568,554281524
youtube2007,8,sparse,51,157.058s,80147648530,3321021086
youtube2007,8,sparse,52
youtube2007,8,sparse,53,51.9209s,374533618,1357337921
youtube2007,8,sparse,54,27.4666s,175996,24849526
youtube2007,8,sparse,55,13.0085s,74901,5113236
youtube2007,8,sparse,56
youtube2007,8,sparse,57,62.467s,52709740498,529742725
youtube2007,8,sparse,58,5.17308s,618334,4330360
youtube2007,8,sparse,59,29.306s,384423,69000204
youtube2007,8,sparse,60
youtube2007,8,sparse,61,16.0304s,50360120,132745387
youtube2007,8,sparse,62,7.73306s,5819592620,13814206
youtube2007,8,sparse,63,20.4471s,23493698411,125454705
youtube2007,8,sparse,64,297.295s,275992254589,3754145496
youtube2007,8,sparse,65
youtube2007,8,sparse,66,21.0935s,11131759822,64487913
youtube2007,8,sparse,67,393.574s,4045457427,19957274412
youtube2007,8,sparse,68,233.526s,95799616838,5461429521
youtube2007,8,sparse,69,13.0264s,771568,27329697
youtube2007,8,sparse,70,50.0872s,13082101753,348906102
youtube2007,8,sparse,71,28.8675s,26132,111760894
youtube2007,8,sparse,72,664.57s,593219625388,171799530
youtube2007,8,sparse,73,254.38s,247214941549,2921900334
youtube2007,8,sparse,74,6.05913s,217284030,51359510
youtube2007,8,sparse,75,14.8683s,32165271,63984301
youtube2007,8,sparse,76
youtube2007,8,sparse,77,8.37392s,19720066,107206656
youtube2007,8,sparse,78,3.06276s,281908678,21482402
youtube2007,8,sparse,79,26.5821s,1019974,11444761
youtube2007,8,sparse,80
youtube2007,8,sparse,81,30.9556s,34042831,189315894
youtube2007,8,sparse,82,453.33s,28641757082,28742398
youtube2007,8,sparse,83
youtube2007,8,sparse,84,13.0246s,120209,7000794
youtube2007,8,sparse,85,2.74329s,2042,1746910
youtube2007,8,sparse,86,70.995s,8791606868,2556418011
youtube2007,8,sparse,87,22.296s,633891481,620142460
youtube2007,8,sparse,88,33.1869s,256382988,639377304
youtube2007,8,sparse,89,2.57582s,157728,311326
youtube2007,8,sparse,90
youtube2007,8,sparse,91,93.7791s,45977734959,2779880647
youtube2007,8,sparse,92
youtube2007,8,sparse,93
youtube2007,8,sparse,94,14.5982s,1024858,42505335
youtube2007,8,sparse,95,158.891s,198348860155,1164518340
youtube2007,8,sparse,96
youtube2007,8,sparse,97,64.3315s,654489948,1734028731
youtube2007,8,sparse,98
youtube2007,8,sparse,99,2.74774s,10737740,8819826
youtube2007,8,sparse,100
